221082436,30_画面設計,0  -->  F:\000_cc\ipmsg\ccmemo\30_画面設計
228853753,廃止・断捨離,0  -->  F:\000_cc\ipmsg\ccmemo\30_画面設計\廃止・断捨離
221831498,【断捨離対象】画面設計書_(画面ID)_有償支給承認.xlsx,28  -->  F:\000_cc\ipmsg\ccmemo\30_画面設計\廃止・断捨離\画面設計書_(画面ID)_有償支給承認.xlsx
222129849,画面設計書_ASOACRC010_グローバル番号／発注番号検索.xlsx,51  -->  F:\000_cc\ipmsg\ccmemo\30_画面設計\廃止・断捨離\画面設計書_ASOACRC010_グローバル番号／発注番号検索.xlsx
222176168,【廃止】画面設計書_(画面ID)_価格リスト.xlsx,19  -->  F:\000_cc\ipmsg\ccmemo\30_画面設計\廃止・断捨離\画面設計書_(画面ID)_価格リスト.xlsx
222378952,【断捨離対象】画面設計書_(画面ID)_仕入返品入力承認.xlsx,59  -->  F:\000_cc\ipmsg\ccmemo\30_画面設計\廃止・断捨離\画面設計書_(画面ID)_仕入返品入力承認.xlsx
222411060,【断捨離対象】画面設計書_(画面ID)_発注承認.xlsx,70  -->  F:\000_cc\ipmsg\ccmemo\30_画面設計\廃止・断捨離\画面設計書_(画面ID)_発注承認.xlsx
222411067,【断捨離対象】画面設計書_(画面ID)_単価修正／仕入追加承認.xlsx,44  -->  F:\000_cc\ipmsg\ccmemo\30_画面設計\廃止・断捨離\画面設計書_(画面ID)_単価修正／仕入追加承認.xlsx
222603281,【断捨離対象】画面設計書_(画面ID)_承認待ち案件検索.xlsx,33  -->  F:\000_cc\ipmsg\ccmemo\30_画面設計\廃止・断捨離\画面設計書_(画面ID)_承認待ち案件検索.xlsx
228853779,台湾以降で利用,0  -->  F:\000_cc\ipmsg\ccmemo\30_画面設計\台湾以降で利用
221734807,画面設計書_ASSPCSP060_有償支給入力.xlsx,105  -->  F:\000_cc\ipmsg\ccmemo\30_画面設計\台湾以降で利用\画面設計書_ASSPCSP060_有償支給入力.xlsx
221796158,画面設計書_ASSPCSP050_有償支給照会.xlsx,82  -->  F:\000_cc\ipmsg\ccmemo\30_画面設計\台湾以降で利用\画面設計書_ASSPCSP050_有償支給照会.xlsx
221850677,画面設計書_ASOACRC020_部材商品逆引き照会.xlsx,37  -->  F:\000_cc\ipmsg\ccmemo\30_画面設計\台湾以降で利用\画面設計書_ASOACRC020_部材商品逆引き照会.xlsx
221859808,画面設計書_ASSPCSP020_子部品明細一括アップロード.xlsx,75  -->  F:\000_cc\ipmsg\ccmemo\30_画面設計\台湾以降で利用\画面設計書_ASSPCSP020_子部品明細一括アップロード.xlsx
221864698,画面設計書_ASSPCSP040_有償支給検索.xlsx,101  -->  F:\000_cc\ipmsg\ccmemo\30_画面設計\台湾以降で利用\画面設計書_ASSPCSP040_有償支給検索.xlsx
222080849,画面設計書_ASSPCSP030_都度支給品明細一括アップロード.xlsx,56  -->  F:\000_cc\ipmsg\ccmemo\30_画面設計\台湾以降で利用\画面設計書_ASSPCSP030_都度支給品明細一括アップロード.xlsx
222230010,画面設計書_ASSPCSP070_有償支給発注履歴.xlsx,56  -->  F:\000_cc\ipmsg\ccmemo\30_画面設計\台湾以降で利用\画面設計書_ASSPCSP070_有償支給発注履歴.xlsx
222949979,画面設計書_ASRSCSL020_ＴＲ入力.xlsx,68  -->  F:\000_cc\ipmsg\ccmemo\30_画面設計\台湾以降で利用\画面設計書_ASRSCSL020_ＴＲ入力.xlsx
223247178,画面設計書_ASVTCIV030_在庫・部材照会.xlsx,68  -->  F:\000_cc\ipmsg\ccmemo\30_画面設計\台湾以降で利用\画面設計書_ASVTCIV030_在庫・部材照会.xlsx
223331993,画面設計書_ASRSCSL110_送り状検索.xlsx,88  -->  F:\000_cc\ipmsg\ccmemo\30_画面設計\台湾以降で利用\画面設計書_ASRSCSL110_送り状検索.xlsx
223331998,画面設計書_ASRSCSL080_送り状情報詳細.xlsx,61  -->  F:\000_cc\ipmsg\ccmemo\30_画面設計\台湾以降で利用\画面設計書_ASRSCSL080_送り状情報詳細.xlsx
223402541,画面設計書_ASVTCIV010_出荷情報照会.xlsx,56  -->  F:\000_cc\ipmsg\ccmemo\30_画面設計\台湾以降で利用\画面設計書_ASVTCIV010_出荷情報照会.xlsx
223408480,画面設計書_ASVTCIV020_在庫・発注残照会.xlsx,101  -->  F:\000_cc\ipmsg\ccmemo\30_画面設計\台湾以降で利用\画面設計書_ASVTCIV020_在庫・発注残照会.xlsx
223420048,画面設計書_ASVTCIV060_発注残詳細照会.xlsx,61  -->  F:\000_cc\ipmsg\ccmemo\30_画面設計\台湾以降で利用\画面設計書_ASVTCIV060_発注残詳細照会.xlsx
223656833,画面設計書_ASVTCOP010_需要予測UL･DL.xlsx,64  -->  F:\000_cc\ipmsg\ccmemo\30_画面設計\台湾以降で利用\画面設計書_ASVTCOP010_需要予測UL･DL.xlsx
223915540,画面設計書_ASVTCOP030_発注点（モンテカルロ）対象アイテムUL･DL.xlsx,43  -->  F:\000_cc\ipmsg\ccmemo\30_画面設計\台湾以降で利用\画面設計書_ASVTCOP030_発注点（モンテカルロ）対象アイテムUL･DL.xlsx
224598130,画面設計書_ASSPCSP010_BOMチェック.xlsx,31  -->  F:\000_cc\ipmsg\ccmemo\30_画面設計\台湾以降で利用\画面設計書_ASSPCSP010_BOMチェック.xlsx
221348604,画面モック環境URL（Edge推奨）.txt,2  -->  F:\000_cc\ipmsg\ccmemo\30_画面設計\画面モック環境URL（Edge推奨）.txt
222343064,画面設計書_ASOACPO150_発注UL／DL.xlsx,220  -->  F:\000_cc\ipmsg\ccmemo\30_画面設計\画面設計書_ASOACPO150_発注UL／DL.xlsx
222471946,画面設計書_ASOACPP010_仕入先検索.xlsx,29  -->  F:\000_cc\ipmsg\ccmemo\30_画面設計\画面設計書_ASOACPP010_仕入先検索.xlsx
222500987,画面設計書_ASOACPO160_発注照会.xlsx,98  -->  F:\000_cc\ipmsg\ccmemo\30_画面設計\画面設計書_ASOACPO160_発注照会.xlsx
222528295,画面設計書_ASOACIO010_IO調達方法選択.xlsx,33  -->  F:\000_cc\ipmsg\ccmemo\30_画面設計\画面設計書_ASOACIO010_IO調達方法選択.xlsx
222547261,画面設計書_ASOACPP020_単価修正／仕入追加入力.xlsx,110  -->  F:\000_cc\ipmsg\ccmemo\30_画面設計\画面設計書_ASOACPP020_単価修正／仕入追加入力.xlsx
222750713,画面設計書_ASOACPO170_発注詳細照会.xlsx,106  -->  F:\000_cc\ipmsg\ccmemo\30_画面設計\画面設計書_ASOACPO170_発注詳細照会.xlsx
222772021,画面設計書_ASOACPO180_発注入力.xlsx,161  -->  F:\000_cc\ipmsg\ccmemo\30_画面設計\画面設計書_ASOACPO180_発注入力.xlsx
222949410,画面設計書_ASOACPR010_仕入返品入力.xlsx,120  -->  F:\000_cc\ipmsg\ccmemo\30_画面設計\画面設計書_ASOACPR010_仕入返品入力.xlsx
223220158,画面設計書_ASOACPO190_発注変更キャンセル.xlsx,116  -->  F:\000_cc\ipmsg\ccmemo\30_画面設計\画面設計書_ASOACPO190_発注変更キャンセル.xlsx
223326559,画面設計書_ASVTCIV040_在庫引当シミュレーション.xlsx,98  -->  F:\000_cc\ipmsg\ccmemo\30_画面設計\画面設計書_ASVTCIV040_在庫引当シミュレーション.xlsx
223510222,画面設計書_ASVTCIV050_在庫引当シミュレーション結果.xlsx,96  -->  F:\000_cc\ipmsg\ccmemo\30_画面設計\画面設計書_ASVTCIV050_在庫引当シミュレーション結果.xlsx
223914239,画面設計書_ASVTCOP020_週次発注点除外条件マスタUL・DL.xlsx,65  -->  F:\000_cc\ipmsg\ccmemo\30_画面設計\画面設計書_ASVTCOP020_週次発注点除外条件マスタUL・DL.xlsx
227754961,画面設計書_ASVTCIV100_在庫情報照会.xlsx,27  -->  F:\000_cc\ipmsg\ccmemo\30_画面設計\画面設計書_ASVTCIV100_在庫情報照会.xlsx
228007674,★★外部設計_変更管理一覧★★ .xlsx,177  -->  F:\000_cc\ipmsg\ccmemo\30_画面設計\★★外部設計_変更管理一覧★★ .xlsx
